{
  "RSpec": {
    "coverage": {
      "/home/vagrant/Documents/code/guildmaster/app/models/character.rb": [
        1,
        1,
        null
      ],
      "/home/vagrant/Documents/code/guildmaster/app/controllers/characters_controller.rb": [
        1,
        null,
        1,
        2,
        2,
        1,
        null,
        1,
        null,
        null,
        null,
        1,
        4,
        1,
        null,
        3,
        null,
        3,
        1,
        null,
        2,
        null,
        null,
        null,
        null,
        1,
        4,
        null,
        4,
        4,
        2,
        2,
        1,
        null,
        1,
        null,
        null,
        null,
        1,
        6,
        1,
        null,
        5,
        null,
        5,
        1,
        null,
        4,
        null,
        4,
        4,
        2,
        2,
        1,
        null,
        1,
        null,
        null,
        null,
        null,
        null,
        1,
        4,
        1,
        null,
        3,
        null,
        3,
        1,
        null,
        2,
        2,
        1,
        null,
        1,
        null,
        null,
        null,
        null,
        null,
        1,
        null,
        1,
        8,
        null,
        null,
        null
      ],
      "/home/vagrant/Documents/code/guildmaster/app/controllers/application_controller.rb": [
        1,
        1,
        null,
        1,
        null,
        1,
        20,
        20,
        20,
        0,
        null,
        null,
        null,
        null
      ],
      "/home/vagrant/Documents/code/guildmaster/app/controllers/dungeons_controller.rb": [
        1,
        null
      ],
      "/home/vagrant/Documents/code/guildmaster/app/controllers/maps_controller.rb": [
        1,
        null
      ],
      "/home/vagrant/Documents/code/guildmaster/app/controllers/parties_controller.rb": [
        1,
        null
      ],
      "/home/vagrant/Documents/code/guildmaster/app/models/dungeon.rb": [
        1,
        null
      ],
      "/home/vagrant/Documents/code/guildmaster/app/models/map.rb": [
        1,
        null
      ],
      "/home/vagrant/Documents/code/guildmaster/app/models/party.rb": [
        1,
        1,
        null
      ]
    },
    "timestamp": 1418058496
  }
}
